<?xml version="1.0" encoding="UTF-8"?>
<!-- Generated by org.testng.reporters.JUnitReportReporter -->
<testsuite hostname="Nelson.local" name="test.WeaponTest" tests="13" failures="0" timestamp="22 Mar 2015 17:42:45 GMT" time="10.183" errors="0">
  <testcase name="testLazerEX" time="0.497" classname="test.WeaponTest"/>
  <testcase name="testShield" time="0.484" classname="test.WeaponTest"/>
  <testcase name="testNuclearBlast" time="0.776" classname="test.WeaponTest"/>
  <testcase name="testFireMine" time="3.376" classname="test.WeaponTest"/>
  <testcase name="testMediGun" time="0.464" classname="test.WeaponTest"/>
  <testcase name="testHealingBuff" time="0.507" classname="test.WeaponTest"/>
  <testcase name="testLazer" time="1.020" classname="test.WeaponTest"/>
  <testcase name="testBazooka" time="0.516" classname="test.WeaponTest"/>
  <testcase name="teleport" time="0.529" classname="test.WeaponTest"/>
  <testcase name="testPoisonDart" time="0.538" classname="test.WeaponTest"/>
  <testcase name="testFireWall" time="0.490" classname="test.WeaponTest"/>
  <testcase name="testEnrage" time="0.488" classname="test.WeaponTest"/>
  <testcase name="testRocket" time="0.498" classname="test.WeaponTest"/>
</testsuite> <!-- test.WeaponTest -->
