<?xml version="1.0" encoding="UTF-8"?>
<!-- Generated by org.testng.reporters.JUnitReportReporter -->
<testsuite hostname="Asus" name="test.ClientTest" tests="2" failures="0" timestamp="23 Mar 2015 01:54:19 GMT" time="24.413" errors="0">
  <testcase name="gameOver" time="0.412" classname="test.ClientTest"/>
  <testcase name="getSetCurrentState" time="24.001" classname="test.ClientTest"/>
</testsuite> <!-- test.ClientTest -->
