<?xml version="1.0" encoding="UTF-8"?>
<!-- Generated by org.testng.reporters.JUnitReportReporter -->
<testsuite hostname="James-PC" name="test.CharacterTest" tests="2" failures="0" timestamp="9 Mar 2015 20:23:25 GMT" time="0.074" errors="0">
  <testcase name="testClassWeps" time="0.063" classname="test.CharacterTest"/>
  <testcase name="testClasses" time="0.011" classname="test.CharacterTest"/>
</testsuite> <!-- test.CharacterTest -->
