<?xml version="1.0" encoding="UTF-8"?>
<!-- Generated by org.testng.reporters.JUnitReportReporter -->
<testsuite hostname="Asus" name="test.NetworkTest" tests="1" failures="0" timestamp="23 Mar 2015 08:16:26 GMT" time="1.578" errors="0">
  <testcase name="testServerClient" time="1.578" classname="test.NetworkTest"/>
</testsuite> <!-- test.NetworkTest -->
